# Nmap 7.94SVN scan initiated Sat Oct 26 17:01:40 2024 as: /usr/lib/nmap/nmap --privileged -v -oN nmap.log -A -O -Pn 10.10.127.216
Increasing send delay for 10.10.127.216 from 0 to 5 due to 39 out of 128 dropped probes since last increase.
Nmap scan report for 10.10.127.216
Host is up (0.15s latency).
Not shown: 997 closed tcp ports (reset)
PORT      STATE SERVICE  VERSION
22/tcp    open  ssh      OpenSSH 8.2p1 Ubuntu 4ubuntu0.11 (Ubuntu Linux; protocol 2.0)
| ssh-hostkey: 
|   3072 ac:33:c0:47:8f:12:f9:5a:06:2f:d6:e8:85:6c:3b:bb (RSA)
|   256 71:13:3d:15:13:bb:ba:5c:c9:e2:36:ea:c6:17:bc:e8 (ECDSA)
|_  256 48:72:da:31:fb:60:fa:aa:7d:0e:48:d2:ca:9d:f2:f3 (ED25519)
80/tcp    open  http     Apache httpd 2.4.41 ((Ubuntu))
|_http-title: Maintenance
| http-methods: 
|_  Supported Methods: POST OPTIONS HEAD GET
|_http-server-header: Apache/2.4.41 (Ubuntu)
50000/tcp open  ibm-db2?
| fingerprint-strings: 
|   GetRequest: 
|     HTTP/1.1 401 
|     TeamCity-Node-Id: MAIN_SERVER
|     WWW-Authenticate: Basic realm="TeamCity"
|     WWW-Authenticate: Bearer realm="TeamCity"
|     Cache-Control: no-store
|     Content-Type: text/plain;charset=UTF-8
|     Date: Sat, 26 Oct 2024 14:02:08 GMT
|     Connection: close
|     Authentication required
|     login manually go to "/login.html" page
|   drda: 
|     HTTP/1.1 400 
|     Content-Type: text/html;charset=utf-8
|     Content-Language: en
|     Content-Length: 435
|     Date: Sat, 26 Oct 2024 14:02:09 GMT
|     Connection: close
|     <!doctype html><html lang="en"><head><title>HTTP Status 400 
|     Request</title><style type="text/css">body {font-family:Tahoma,Arial,sans-serif;} h1, h2, h3, b {color:white;background-color:#525D76;} h1 {font-size:22px;} h2 {font-size:16px;} h3 {font-size:14px;} p {font-size:12px;} a {color:black;} .line {height:1px;background-color:#525D76;border:none;}</style></head><body><h1>HTTP Status 400 
|     Request</h1></body></html>
|   ibm-db2, ibm-db2-das: 
|     HTTP/1.1 400 
|     Content-Type: text/html;charset=utf-8
|     Content-Language: en
|     Content-Length: 435
|     Date: Sat, 26 Oct 2024 14:02:08 GMT
|     Connection: close
|     <!doctype html><html lang="en"><head><title>HTTP Status 400 
|     Request</title><style type="text/css">body {font-family:Tahoma,Arial,sans-serif;} h1, h2, h3, b {color:white;background-color:#525D76;} h1 {font-size:22px;} h2 {font-size:16px;} h3 {font-size:14px;} p {font-size:12px;} a {color:black;} .line {height:1px;background-color:#525D76;border:none;}</style></head><body><h1>HTTP Status 400 
|_    Request</h1></body></html>
1 service unrecognized despite returning data. If you know the service/version, please submit the following fingerprint at https://nmap.org/cgi-bin/submit.cgi?new-service :
SF-Port50000-TCP:V=7.94SVN%I=7%D=10/26%Time=671CF660%P=x86_64-pc-linux-gnu
SF:%r(GetRequest,140,"HTTP/1\.1\x20401\x20\r\nTeamCity-Node-Id:\x20MAIN_SE
SF:RVER\r\nWWW-Authenticate:\x20Basic\x20realm=\"TeamCity\"\r\nWWW-Authent
SF:icate:\x20Bearer\x20realm=\"TeamCity\"\r\nCache-Control:\x20no-store\r\
SF:nContent-Type:\x20text/plain;charset=UTF-8\r\nDate:\x20Sat,\x2026\x20Oc
SF:t\x202024\x2014:02:08\x20GMT\r\nConnection:\x20close\r\n\r\nAuthenticat
SF:ion\x20required\nTo\x20login\x20manually\x20go\x20to\x20\"/login\.html\
SF:"\x20page")%r(ibm-db2-das,24E,"HTTP/1\.1\x20400\x20\r\nContent-Type:\x2
SF:0text/html;charset=utf-8\r\nContent-Language:\x20en\r\nContent-Length:\
SF:x20435\r\nDate:\x20Sat,\x2026\x20Oct\x202024\x2014:02:08\x20GMT\r\nConn
SF:ection:\x20close\r\n\r\n<!doctype\x20html><html\x20lang=\"en\"><head><t
SF:itle>HTTP\x20Status\x20400\x20\xe2\x80\x93\x20Bad\x20Request</title><st
SF:yle\x20type=\"text/css\">body\x20{font-family:Tahoma,Arial,sans-serif;}
SF:\x20h1,\x20h2,\x20h3,\x20b\x20{color:white;background-color:#525D76;}\x
SF:20h1\x20{font-size:22px;}\x20h2\x20{font-size:16px;}\x20h3\x20{font-siz
SF:e:14px;}\x20p\x20{font-size:12px;}\x20a\x20{color:black;}\x20\.line\x20
SF:{height:1px;background-color:#525D76;border:none;}</style></head><body>
SF:<h1>HTTP\x20Status\x20400\x20\xe2\x80\x93\x20Bad\x20Request</h1></body>
SF:</html>")%r(ibm-db2,24E,"HTTP/1\.1\x20400\x20\r\nContent-Type:\x20text/
SF:html;charset=utf-8\r\nContent-Language:\x20en\r\nContent-Length:\x20435
SF:\r\nDate:\x20Sat,\x2026\x20Oct\x202024\x2014:02:08\x20GMT\r\nConnection
SF::\x20close\r\n\r\n<!doctype\x20html><html\x20lang=\"en\"><head><title>H
SF:TTP\x20Status\x20400\x20\xe2\x80\x93\x20Bad\x20Request</title><style\x2
SF:0type=\"text/css\">body\x20{font-family:Tahoma,Arial,sans-serif;}\x20h1
SF:,\x20h2,\x20h3,\x20b\x20{color:white;background-color:#525D76;}\x20h1\x
SF:20{font-size:22px;}\x20h2\x20{font-size:16px;}\x20h3\x20{font-size:14px
SF:;}\x20p\x20{font-size:12px;}\x20a\x20{color:black;}\x20\.line\x20{heigh
SF:t:1px;background-color:#525D76;border:none;}</style></head><body><h1>HT
SF:TP\x20Status\x20400\x20\xe2\x80\x93\x20Bad\x20Request</h1></body></html
SF:>")%r(drda,24E,"HTTP/1\.1\x20400\x20\r\nContent-Type:\x20text/html;char
SF:set=utf-8\r\nContent-Language:\x20en\r\nContent-Length:\x20435\r\nDate:
SF:\x20Sat,\x2026\x20Oct\x202024\x2014:02:09\x20GMT\r\nConnection:\x20clos
SF:e\r\n\r\n<!doctype\x20html><html\x20lang=\"en\"><head><title>HTTP\x20St
SF:atus\x20400\x20\xe2\x80\x93\x20Bad\x20Request</title><style\x20type=\"t
SF:ext/css\">body\x20{font-family:Tahoma,Arial,sans-serif;}\x20h1,\x20h2,\
SF:x20h3,\x20b\x20{color:white;background-color:#525D76;}\x20h1\x20{font-s
SF:ize:22px;}\x20h2\x20{font-size:16px;}\x20h3\x20{font-size:14px;}\x20p\x
SF:20{font-size:12px;}\x20a\x20{color:black;}\x20\.line\x20{height:1px;bac
SF:kground-color:#525D76;border:none;}</style></head><body><h1>HTTP\x20Sta
SF:tus\x20400\x20\xe2\x80\x93\x20Bad\x20Request</h1></body></html>");
No exact OS matches for host (If you know what OS is running on it, see https://nmap.org/submit/ ).
TCP/IP fingerprint:
OS:SCAN(V=7.94SVN%E=4%D=10/26%OT=22%CT=1%CU=38084%PV=Y%DS=2%DC=T%G=Y%TM=671
OS:CF686%P=x86_64-pc-linux-gnu)SEQ(SP=FE%GCD=1%ISR=10D%TI=Z%CI=Z%TS=A)SEQ(S
OS:P=FE%GCD=1%ISR=10D%TI=Z%CI=Z%II=I%TS=A)OPS(O1=M509ST11NW7%O2=M509ST11NW7
OS:%O3=M509NNT11NW7%O4=M509ST11NW7%O5=M509ST11NW7%O6=M509ST11)WIN(W1=F4B3%W
OS:2=F4B3%W3=F4B3%W4=F4B3%W5=F4B3%W6=F4B3)ECN(R=Y%DF=Y%T=40%W=F507%O=M509NN
OS:SNW7%CC=Y%Q=)T1(R=Y%DF=Y%T=40%S=O%A=S+%F=AS%RD=0%Q=)T2(R=N)T3(R=N)T4(R=Y
OS:%DF=Y%T=40%W=0%S=A%A=Z%F=R%O=%RD=0%Q=)T5(R=Y%DF=Y%T=40%W=0%S=Z%A=S+%F=AR
OS:%O=%RD=0%Q=)T6(R=Y%DF=Y%T=40%W=0%S=A%A=Z%F=R%O=%RD=0%Q=)T7(R=Y%DF=Y%T=40
OS:%W=0%S=Z%A=S+%F=AR%O=%RD=0%Q=)U1(R=Y%DF=N%T=40%IPL=164%UN=0%RIPL=G%RID=G
OS:%RIPCK=G%RUCK=G%RUD=G)IE(R=Y%DFI=N%T=40%CD=S)

Uptime guess: 36.379 days (since Fri Sep 20 07:56:19 2024)
Network Distance: 2 hops
TCP Sequence Prediction: Difficulty=254 (Good luck!)
IP ID Sequence Generation: All zeros
Service Info: OS: Linux; CPE: cpe:/o:linux:linux_kernel

TRACEROUTE (using port 8080/tcp)
HOP RTT       ADDRESS
1   209.53 ms 10.23.0.1
2   209.64 ms 10.10.127.216

Read data files from: /usr/share/nmap
OS and Service detection performed. Please report any incorrect results at https://nmap.org/submit/ .
# Nmap done at Sat Oct 26 17:02:46 2024 -- 1 IP address (1 host up) scanned in 66.06 seconds
