# Nmap 7.94SVN scan initiated Mon Jun 24 19:47:07 2024 as: nmap -v -A -sV -oN nmap.log 10.10.3.114
Increasing send delay for 10.10.3.114 from 0 to 5 due to 76 out of 251 dropped probes since last increase.
Nmap scan report for 10.10.3.114
Host is up (0.16s latency).
Not shown: 996 closed tcp ports (conn-refused)
PORT     STATE SERVICE  VERSION
22/tcp   open  ssh      OpenSSH 8.2p1 Ubuntu 4ubuntu0.11 (Ubuntu Linux; protocol 2.0)
| ssh-hostkey: 
|   3072 0d:c3:0d:ed:ab:c8:9b:0c:7d:8a:24:ab:17:b2:85:7e (RSA)
|   256 5a:9e:82:af:59:f2:d2:b3:16:e4:fb:96:fb:0b:84:78 (ECDSA)
|_  256 5a:b2:d5:2c:04:6b:c0:e2:08:59:d9:5f:cb:07:67:5d (ED25519)
80/tcp   open  http     WebSockify Python/3.8.10
|_http-title: Error response
|_http-server-header: WebSockify Python/3.8.10
| fingerprint-strings: 
|   GetRequest: 
|     HTTP/1.1 405 Method Not Allowed
|     Server: WebSockify Python/3.8.10
|     Date: Mon, 24 Jun 2024 16:47:33 GMT
|     Connection: close
|     Content-Type: text/html;charset=utf-8
|     Content-Length: 472
|     <!DOCTYPE HTML PUBLIC "-//W3C//DTD HTML 4.01//EN"
|     "http://www.w3.org/TR/html4/strict.dtd">
|     <html>
|     <head>
|     <meta http-equiv="Content-Type" content="text/html;charset=utf-8">
|     <title>Error response</title>
|     </head>
|     <body>
|     <h1>Error response</h1>
|     <p>Error code: 405</p>
|     <p>Message: Method Not Allowed.</p>
|     <p>Error code explanation: 405 - Specified method is invalid for this resource.</p>
|     </body>
|     </html>
|   HTTPOptions: 
|     HTTP/1.1 501 Unsupported method ('OPTIONS')
|     Server: WebSockify Python/3.8.10
|     Date: Mon, 24 Jun 2024 16:47:33 GMT
|     Connection: close
|     Content-Type: text/html;charset=utf-8
|     Content-Length: 500
|     <!DOCTYPE HTML PUBLIC "-//W3C//DTD HTML 4.01//EN"
|     "http://www.w3.org/TR/html4/strict.dtd">
|     <html>
|     <head>
|     <meta http-equiv="Content-Type" content="text/html;charset=utf-8">
|     <title>Error response</title>
|     </head>
|     <body>
|     <h1>Error response</h1>
|     <p>Error code: 501</p>
|     <p>Message: Unsupported method ('OPTIONS').</p>
|     <p>Error code explanation: HTTPStatus.NOT_IMPLEMENTED - Server does not support this operation.</p>
|     </body>
|_    </html>
443/tcp  open  ssl/http Apache httpd
| tls-alpn: 
|   h2
|_  http/1.1
| ssl-cert: Subject: organizationName=Internet Widgits Pty Ltd/stateOrProvinceName=Some-State/countryName=US
| Issuer: organizationName=Internet Widgits Pty Ltd/stateOrProvinceName=Some-State/countryName=US
| Public Key type: rsa
| Public Key bits: 2048
| Signature Algorithm: sha256WithRSAEncryption
| Not valid before: 2024-04-02T11:59:14
| Not valid after:  2025-04-02T11:59:14
| MD5:   f1df:99bc:d5ab:5a5a:5709:5099:4add:a385
|_SHA-1: 1f26:54bb:e2c5:b4a1:1f62:5ea0:af00:0261:35da:23c3
|_ssl-date: TLS randomness does not represent time
|_http-server-header: Apache
|_http-title: Brick by Brick
| http-methods: 
|_  Supported Methods: GET HEAD POST OPTIONS
| http-robots.txt: 1 disallowed entry 
|_/wp-admin/
|_http-generator: WordPress 6.5
3306/tcp open  mysql    MySQL (unauthorized)
1 service unrecognized despite returning data. If you know the service/version, please submit the following fingerprint at https://nmap.org/cgi-bin/submit.cgi?new-service :
SF-Port80-TCP:V=7.94SVN%I=7%D=6/24%Time=6679A325%P=x86_64-pc-linux-gnu%r(G
SF:etRequest,291,"HTTP/1\.1\x20405\x20Method\x20Not\x20Allowed\r\nServer:\
SF:x20WebSockify\x20Python/3\.8\.10\r\nDate:\x20Mon,\x2024\x20Jun\x202024\
SF:x2016:47:33\x20GMT\r\nConnection:\x20close\r\nContent-Type:\x20text/htm
SF:l;charset=utf-8\r\nContent-Length:\x20472\r\n\r\n<!DOCTYPE\x20HTML\x20P
SF:UBLIC\x20\"-//W3C//DTD\x20HTML\x204\.01//EN\"\n\x20\x20\x20\x20\x20\x20
SF:\x20\x20\"http://www\.w3\.org/TR/html4/strict\.dtd\">\n<html>\n\x20\x20
SF:\x20\x20<head>\n\x20\x20\x20\x20\x20\x20\x20\x20<meta\x20http-equiv=\"C
SF:ontent-Type\"\x20content=\"text/html;charset=utf-8\">\n\x20\x20\x20\x20
SF:\x20\x20\x20\x20<title>Error\x20response</title>\n\x20\x20\x20\x20</hea
SF:d>\n\x20\x20\x20\x20<body>\n\x20\x20\x20\x20\x20\x20\x20\x20<h1>Error\x
SF:20response</h1>\n\x20\x20\x20\x20\x20\x20\x20\x20<p>Error\x20code:\x204
SF:05</p>\n\x20\x20\x20\x20\x20\x20\x20\x20<p>Message:\x20Method\x20Not\x2
SF:0Allowed\.</p>\n\x20\x20\x20\x20\x20\x20\x20\x20<p>Error\x20code\x20exp
SF:lanation:\x20405\x20-\x20Specified\x20method\x20is\x20invalid\x20for\x2
SF:0this\x20resource\.</p>\n\x20\x20\x20\x20</body>\n</html>\n")%r(HTTPOpt
SF:ions,2B9,"HTTP/1\.1\x20501\x20Unsupported\x20method\x20\('OPTIONS'\)\r\
SF:nServer:\x20WebSockify\x20Python/3\.8\.10\r\nDate:\x20Mon,\x2024\x20Jun
SF:\x202024\x2016:47:33\x20GMT\r\nConnection:\x20close\r\nContent-Type:\x2
SF:0text/html;charset=utf-8\r\nContent-Length:\x20500\r\n\r\n<!DOCTYPE\x20
SF:HTML\x20PUBLIC\x20\"-//W3C//DTD\x20HTML\x204\.01//EN\"\n\x20\x20\x20\x2
SF:0\x20\x20\x20\x20\"http://www\.w3\.org/TR/html4/strict\.dtd\">\n<html>\
SF:n\x20\x20\x20\x20<head>\n\x20\x20\x20\x20\x20\x20\x20\x20<meta\x20http-
SF:equiv=\"Content-Type\"\x20content=\"text/html;charset=utf-8\">\n\x20\x2
SF:0\x20\x20\x20\x20\x20\x20<title>Error\x20response</title>\n\x20\x20\x20
SF:\x20</head>\n\x20\x20\x20\x20<body>\n\x20\x20\x20\x20\x20\x20\x20\x20<h
SF:1>Error\x20response</h1>\n\x20\x20\x20\x20\x20\x20\x20\x20<p>Error\x20c
SF:ode:\x20501</p>\n\x20\x20\x20\x20\x20\x20\x20\x20<p>Message:\x20Unsuppo
SF:rted\x20method\x20\('OPTIONS'\)\.</p>\n\x20\x20\x20\x20\x20\x20\x20\x20
SF:<p>Error\x20code\x20explanation:\x20HTTPStatus\.NOT_IMPLEMENTED\x20-\x2
SF:0Server\x20does\x20not\x20support\x20this\x20operation\.</p>\n\x20\x20\
SF:x20\x20</body>\n</html>\n");
Service Info: OS: Linux; CPE: cpe:/o:linux:linux_kernel

Read data files from: /usr/bin/../share/nmap
Service detection performed. Please report any incorrect results at https://nmap.org/submit/ .
# Nmap done at Mon Jun 24 19:49:07 2024 -- 1 IP address (1 host up) scanned in 119.91 seconds
