# Nmap 7.94SVN scan initiated Sat Oct 12 12:30:08 2024 as: /usr/lib/nmap/nmap --privileged -v -oN nmap.log -A -sV -Pn 10.10.168.230
Increasing send delay for 10.10.168.230 from 0 to 5 due to 39 out of 128 dropped probes since last increase.
Nmap scan report for 10.10.168.230
Host is up (0.22s latency).
Not shown: 997 closed tcp ports (reset)
PORT    STATE SERVICE     VERSION
22/tcp  open  ssh         OpenSSH 7.6p1 Ubuntu 4ubuntu0.3 (Ubuntu Linux; protocol 2.0)
| ssh-hostkey: 
|   2048 91:df:5c:7c:26:22:6e:90:23:a7:7d:fa:5c:e1:c2:52 (RSA)
|   256 86:57:f5:2a:f7:86:9c:cf:02:c1:ac:bc:34:90:6b:01 (ECDSA)
|_  256 81:e3:cc:e7:c9:3c:75:d7:fb:e0:86:a0:01:41:77:81 (ED25519)
139/tcp open  netbios-ssn Samba smbd 3.X - 4.X (workgroup: WORKGROUP)
445/tcp open  netbios-ssn Samba smbd 4.7.6-Ubuntu (workgroup: WORKGROUP)
No exact OS matches for host (If you know what OS is running on it, see https://nmap.org/submit/ ).
TCP/IP fingerprint:
OS:SCAN(V=7.94SVN%E=4%D=10/12%OT=22%CT=1%CU=39544%PV=Y%DS=2%DC=T%G=Y%TM=670
OS:A41CD%P=x86_64-pc-linux-gnu)SEQ(SP=105%GCD=1%ISR=105%TI=Z%CI=Z%TS=A)SEQ(
OS:SP=105%GCD=1%ISR=105%TI=Z%CI=Z%II=I%TS=A)OPS(O1=M509ST11NW6%O2=M509ST11N
OS:W6%O3=M509NNT11NW6%O4=M509ST11NW6%O5=M509ST11NW6%O6=M509ST11)WIN(W1=F4B3
OS:%W2=F4B3%W3=F4B3%W4=F4B3%W5=F4B3%W6=F4B3)ECN(R=Y%DF=Y%T=40%W=F507%O=M509
OS:NNSNW6%CC=Y%Q=)T1(R=Y%DF=Y%T=40%S=O%A=S+%F=AS%RD=0%Q=)T2(R=N)T3(R=N)T4(R
OS:=Y%DF=Y%T=40%W=0%S=A%A=Z%F=R%O=%RD=0%Q=)T5(R=Y%DF=Y%T=40%W=0%S=Z%A=S+%F=
OS:AR%O=%RD=0%Q=)T6(R=Y%DF=Y%T=40%W=0%S=A%A=Z%F=R%O=%RD=0%Q=)T7(R=Y%DF=Y%T=
OS:40%W=0%S=Z%A=S+%F=AR%O=%RD=0%Q=)U1(R=Y%DF=N%T=40%IPL=164%UN=0%RIPL=G%RID
OS:=G%RIPCK=G%RUCK=G%RUD=G)IE(R=Y%DFI=N%T=40%CD=S)

Uptime guess: 48.630 days (since Sat Aug 24 21:23:04 2024)
Network Distance: 2 hops
TCP Sequence Prediction: Difficulty=261 (Good luck!)
IP ID Sequence Generation: All zeros
Service Info: Host: POLOSMB; OS: Linux; CPE: cpe:/o:linux:linux_kernel

Host script results:
| smb2-time: 
|   date: 2024-10-12T09:30:46
|_  start_date: N/A
| smb-os-discovery: 
|   OS: Windows 6.1 (Samba 4.7.6-Ubuntu)
|   Computer name: polosmb
|   NetBIOS computer name: POLOSMB\x00
|   Domain name: \x00
|   FQDN: polosmb
|_  System time: 2024-10-12T09:30:46+00:00
| smb2-security-mode: 
|   3:1:1: 
|_    Message signing enabled but not required
| nbstat: NetBIOS name: POLOSMB, NetBIOS user: <unknown>, NetBIOS MAC: <unknown> (unknown)
| Names:
|   POLOSMB<00>          Flags: <unique><active>
|   POLOSMB<03>          Flags: <unique><active>
|   POLOSMB<20>          Flags: <unique><active>
|   \x01\x02__MSBROWSE__\x02<01>  Flags: <group><active>
|   WORKGROUP<00>        Flags: <group><active>
|   WORKGROUP<1d>        Flags: <unique><active>
|_  WORKGROUP<1e>        Flags: <group><active>
| smb-security-mode: 
|   account_used: guest
|   authentication_level: user
|   challenge_response: supported
|_  message_signing: disabled (dangerous, but default)

TRACEROUTE (using port 554/tcp)
HOP RTT       ADDRESS
1   298.55 ms 10.23.0.1
2   298.54 ms 10.10.168.230

Read data files from: /usr/share/nmap
OS and Service detection performed. Please report any incorrect results at https://nmap.org/submit/ .
# Nmap done at Sat Oct 12 12:30:53 2024 -- 1 IP address (1 host up) scanned in 45.25 seconds
