# Nmap 7.94SVN scan initiated Tue Oct 15 17:01:44 2024 as: /usr/lib/nmap/nmap --privileged -v -oN nmap.log -A 10.10.130.213
Nmap scan report for 10.10.130.213
Host is up (0.23s latency).
Not shown: 993 closed tcp ports (reset)
PORT     STATE SERVICE     VERSION
21/tcp   open  ftp         ProFTPD 1.3.5
22/tcp   open  ssh         OpenSSH 7.2p2 Ubuntu 4ubuntu2.7 (Ubuntu Linux; protocol 2.0)
| ssh-hostkey: 
|   2048 b3:ad:83:41:49:e9:5d:16:8d:3b:0f:05:7b:e2:c0:ae (RSA)
|   256 f8:27:7d:64:29:97:e6:f8:65:54:65:22:f7:c8:1d:8a (ECDSA)
|_  256 5a:06:ed:eb:b6:56:7e:4c:01:dd:ea:bc:ba:fa:33:79 (ED25519)
80/tcp   open  http        Apache httpd 2.4.18 ((Ubuntu))
|_http-server-header: Apache/2.4.18 (Ubuntu)
| http-robots.txt: 1 disallowed entry 
|_/admin.html
| http-methods: 
|_  Supported Methods: GET HEAD POST OPTIONS
|_http-title: Site doesn't have a title (text/html).
111/tcp  open  rpcbind     2-4 (RPC #100000)
| rpcinfo: 
|   program version    port/proto  service
|   100000  2,3,4        111/tcp   rpcbind
|   100000  2,3,4        111/udp   rpcbind
|   100000  3,4          111/tcp6  rpcbind
|   100000  3,4          111/udp6  rpcbind
|   100003  2,3,4       2049/tcp   nfs
|   100003  2,3,4       2049/tcp6  nfs
|   100003  2,3,4       2049/udp   nfs
|   100003  2,3,4       2049/udp6  nfs
|   100005  1,2,3      38006/udp6  mountd
|   100005  1,2,3      45168/udp   mountd
|   100005  1,2,3      47269/tcp6  mountd
|   100005  1,2,3      48283/tcp   mountd
|   100021  1,3,4      39154/udp   nlockmgr
|   100021  1,3,4      39315/tcp6  nlockmgr
|   100021  1,3,4      43677/tcp   nlockmgr
|   100021  1,3,4      51349/udp6  nlockmgr
|   100227  2,3         2049/tcp   nfs_acl
|   100227  2,3         2049/tcp6  nfs_acl
|   100227  2,3         2049/udp   nfs_acl
|_  100227  2,3         2049/udp6  nfs_acl
139/tcp  open  netbios-ssn Samba smbd 3.X - 4.X (workgroup: WORKGROUP)
445/tcp  open  netbios-ssn Samba smbd 4.3.11-Ubuntu (workgroup: WORKGROUP)
2049/tcp open  nfs         2-4 (RPC #100003)
No exact OS matches for host (If you know what OS is running on it, see https://nmap.org/submit/ ).
TCP/IP fingerprint:
OS:SCAN(V=7.94SVN%E=4%D=10/15%OT=21%CT=1%CU=43017%PV=Y%DS=2%DC=T%G=Y%TM=670
OS:E760E%P=x86_64-pc-linux-gnu)SEQ(SP=105%GCD=1%ISR=10C%TI=Z%II=I%TS=8)SEQ(
OS:SP=105%GCD=1%ISR=10C%TI=Z%CI=I%TS=8)SEQ(SP=105%GCD=1%ISR=10C%TI=Z%CI=I%I
OS:I=I%TS=8)SEQ(SP=105%GCD=1%ISR=10C%TI=Z%CI=I%II=I%TS=A)OPS(O1=M509ST11NW6
OS:%O2=M509ST11NW6%O3=M509NNT11NW6%O4=M509ST11NW6%O5=M509ST11NW6%O6=M509ST1
OS:1)WIN(W1=68DF%W2=68DF%W3=68DF%W4=68DF%W5=68DF%W6=68DF)ECN(R=Y%DF=Y%T=40%
OS:W=6903%O=M509NNSNW6%CC=Y%Q=)T1(R=Y%DF=Y%T=40%S=O%A=S+%F=AS%RD=0%Q=)T2(R=
OS:N)T3(R=N)T4(R=Y%DF=Y%T=40%W=0%S=A%A=Z%F=R%O=%RD=0%Q=)T5(R=Y%DF=Y%T=40%W=
OS:0%S=Z%A=S+%F=AR%O=%RD=0%Q=)T6(R=Y%DF=Y%T=40%W=0%S=A%A=Z%F=R%O=%RD=0%Q=)T
OS:7(R=Y%DF=Y%T=40%W=0%S=Z%A=S+%F=AR%O=%RD=0%Q=)U1(R=Y%DF=N%T=40%IPL=164%UN
OS:=0%RIPL=G%RID=G%RIPCK=G%RUCK=G%RUD=G)IE(R=Y%DFI=N%T=40%CD=S)

Uptime guess: 199.639 days (since Sat Mar 30 00:42:54 2024)
Network Distance: 2 hops
TCP Sequence Prediction: Difficulty=261 (Good luck!)
IP ID Sequence Generation: All zeros
Service Info: Host: KENOBI; OSs: Unix, Linux; CPE: cpe:/o:linux:linux_kernel

Host script results:
|_clock-skew: mean: 1h39m59s, deviation: 2h53m12s, median: -1s
| nbstat: NetBIOS name: KENOBI, NetBIOS user: <unknown>, NetBIOS MAC: <unknown> (unknown)
| Names:
|   KENOBI<00>           Flags: <unique><active>
|   KENOBI<03>           Flags: <unique><active>
|   KENOBI<20>           Flags: <unique><active>
|   \x01\x02__MSBROWSE__\x02<01>  Flags: <group><active>
|   WORKGROUP<00>        Flags: <group><active>
|   WORKGROUP<1d>        Flags: <unique><active>
|_  WORKGROUP<1e>        Flags: <group><active>
| smb2-time: 
|   date: 2024-10-15T14:02:44
|_  start_date: N/A
| smb-os-discovery: 
|   OS: Windows 6.1 (Samba 4.3.11-Ubuntu)
|   Computer name: kenobi
|   NetBIOS computer name: KENOBI\x00
|   Domain name: \x00
|   FQDN: kenobi
|_  System time: 2024-10-15T09:02:44-05:00
| smb2-security-mode: 
|   3:1:1: 
|_    Message signing enabled but not required
| smb-security-mode: 
|   account_used: guest
|   authentication_level: user
|   challenge_response: supported
|_  message_signing: disabled (dangerous, but default)

TRACEROUTE (using port 1720/tcp)
HOP RTT       ADDRESS
1   313.80 ms 10.23.0.1
2   311.52 ms 10.10.130.213

Read data files from: /usr/share/nmap
OS and Service detection performed. Please report any incorrect results at https://nmap.org/submit/ .
# Nmap done at Tue Oct 15 17:02:54 2024 -- 1 IP address (1 host up) scanned in 70.10 seconds
