# Nmap 7.94SVN scan initiated Mon Oct 14 18:17:59 2024 as: /usr/lib/nmap/nmap --privileged -v -oN nmap.log -A -O -Pn 10.10.166.36
Increasing send delay for 10.10.166.36 from 0 to 5 due to 11 out of 31 dropped probes since last increase.
Nmap scan report for 10.10.166.36
Host is up (0.25s latency).
Not shown: 994 closed tcp ports (reset)
PORT     STATE SERVICE     VERSION
21/tcp   open  ftp         vsftpd 3.0.3
22/tcp   open  ssh         OpenSSH 7.2p2 Ubuntu 4ubuntu2.7 (Ubuntu Linux; protocol 2.0)
| ssh-hostkey: 
|   2048 5a:4f:fc:b8:c8:76:1c:b5:85:1c:ac:b2:86:41:1c:5a (RSA)
|   256 ac:9d:ec:44:61:0c:28:85:00:88:e9:68:e9:d0:cb:3d (ECDSA)
|_  256 30:50:cb:70:5a:86:57:22:cb:52:d9:36:34:dc:a5:58 (ED25519)
139/tcp  open  netbios-ssn Samba smbd 3.X - 4.X (workgroup: WORKGROUP)
445/tcp  open  netbios-ssn Samba smbd 4.3.11-Ubuntu (workgroup: WORKGROUP)
3128/tcp open  http-proxy  Squid http proxy 3.5.12
|_http-title: ERROR: The requested URL could not be retrieved
|_http-server-header: squid/3.5.12
3333/tcp open  http        Apache httpd 2.4.18 ((Ubuntu))
|_http-server-header: Apache/2.4.18 (Ubuntu)
| http-methods: 
|_  Supported Methods: GET HEAD POST OPTIONS
|_http-title: Vuln University
No exact OS matches for host (If you know what OS is running on it, see https://nmap.org/submit/ ).
TCP/IP fingerprint:
OS:SCAN(V=7.94SVN%E=4%D=10/14%OT=21%CT=1%CU=42947%PV=Y%DS=2%DC=T%G=Y%TM=670
OS:D367E%P=x86_64-pc-linux-gnu)SEQ(SP=106%GCD=1%ISR=106%TI=Z%TS=8)SEQ(SP=10
OS:6%GCD=1%ISR=106%TI=Z%II=I%TS=8)SEQ(SP=106%GCD=1%ISR=106%TI=Z%CI=I%II=I%T
OS:S=8)OPS(O1=M509ST11NW6%O2=M509ST11NW6%O3=M509NNT11NW6%O4=M509ST11NW6%O5=
OS:M509ST11NW6%O6=M509ST11)WIN(W1=68DF%W2=68DF%W3=68DF%W4=68DF%W5=68DF%W6=6
OS:8DF)ECN(R=Y%DF=Y%T=40%W=6903%O=M509NNSNW6%CC=Y%Q=)T1(R=Y%DF=Y%T=40%S=O%A
OS:=S+%F=AS%RD=0%Q=)T2(R=N)T3(R=N)T4(R=Y%DF=Y%T=40%W=0%S=A%A=Z%F=R%O=%RD=0%
OS:Q=)T5(R=Y%DF=Y%T=40%W=0%S=Z%A=S+%F=AR%O=%RD=0%Q=)T6(R=Y%DF=Y%T=40%W=0%S=
OS:A%A=Z%F=R%O=%RD=0%Q=)T7(R=Y%DF=Y%T=40%W=0%S=Z%A=S+%F=AR%O=%RD=0%Q=)U1(R=
OS:Y%DF=N%T=40%IPL=164%UN=0%RIPL=G%RID=G%RIPCK=G%RUCK=G%RUD=G)IE(R=Y%DFI=N%
OS:T=40%CD=S)

Uptime guess: 0.000 days (since Mon Oct 14 18:19:05 2024)
Network Distance: 2 hops
TCP Sequence Prediction: Difficulty=262 (Good luck!)
IP ID Sequence Generation: All zeros
Service Info: Host: VULNUNIVERSITY; OSs: Unix, Linux; CPE: cpe:/o:linux:linux_kernel

Host script results:
|_clock-skew: mean: 1h20m00s, deviation: 2h18m35s, median: 0s
| smb2-security-mode: 
|   3:1:1: 
|_    Message signing enabled but not required
| nbstat: NetBIOS name: VULNUNIVERSITY, NetBIOS user: <unknown>, NetBIOS MAC: <unknown> (unknown)
| Names:
|   VULNUNIVERSITY<00>   Flags: <unique><active>
|   VULNUNIVERSITY<03>   Flags: <unique><active>
|   VULNUNIVERSITY<20>   Flags: <unique><active>
|   \x01\x02__MSBROWSE__\x02<01>  Flags: <group><active>
|   WORKGROUP<00>        Flags: <group><active>
|   WORKGROUP<1d>        Flags: <unique><active>
|_  WORKGROUP<1e>        Flags: <group><active>
| smb2-time: 
|   date: 2024-10-14T15:19:15
|_  start_date: N/A
| smb-os-discovery: 
|   OS: Windows 6.1 (Samba 4.3.11-Ubuntu)
|   Computer name: vulnuniversity
|   NetBIOS computer name: VULNUNIVERSITY\x00
|   Domain name: \x00
|   FQDN: vulnuniversity
|_  System time: 2024-10-14T11:19:14-04:00
| smb-security-mode: 
|   account_used: guest
|   authentication_level: user
|   challenge_response: supported
|_  message_signing: disabled (dangerous, but default)

TRACEROUTE (using port 1723/tcp)
HOP RTT       ADDRESS
1   299.15 ms 10.23.0.1
2   299.16 ms 10.10.166.36

Read data files from: /usr/share/nmap
OS and Service detection performed. Please report any incorrect results at https://nmap.org/submit/ .
# Nmap done at Mon Oct 14 18:19:26 2024 -- 1 IP address (1 host up) scanned in 87.42 seconds
