# Nmap 7.94SVN scan initiated Sun Oct 27 13:48:12 2024 as: /usr/lib/nmap/nmap --privileged -v -oN nmap.log -A 10.10.44.1
Nmap scan report for 10.10.44.1
Host is up (0.14s latency).
Not shown: 998 closed tcp ports (reset)
PORT   STATE SERVICE VERSION
22/tcp open  ssh     OpenSSH 7.2p2 Ubuntu 4ubuntu2.10 (Ubuntu Linux; protocol 2.0)
| ssh-hostkey: 
|   2048 1f:97:54:30:24:74:f2:fa:15:ed:f3:35:84:dc:6c:d0 (RSA)
|   256 a7:21:78:6d:a6:05:7e:5a:0f:7e:53:65:0a:c4:53:49 (ECDSA)
|_  256 57:1c:22:ac:59:69:62:cb:94:bd:e9:9f:67:68:23:c9 (ED25519)
80/tcp open  http    Apache httpd 2.4.18 ((Ubuntu))
|_http-server-header: Apache/2.4.18 (Ubuntu)
|_http-title: Ecorp - Jobs
| http-methods: 
|_  Supported Methods: GET HEAD POST OPTIONS
No exact OS matches for host (If you know what OS is running on it, see https://nmap.org/submit/ ).
TCP/IP fingerprint:
OS:SCAN(V=7.94SVN%E=4%D=10/27%OT=22%CT=1%CU=30034%PV=Y%DS=2%DC=T%G=Y%TM=671
OS:E28AA%P=x86_64-pc-linux-gnu)SEQ(SP=102%GCD=1%ISR=109%TI=Z%CI=I%TS=8)SEQ(
OS:SP=102%GCD=1%ISR=109%TI=Z%CI=I%II=I%TS=8)OPS(O1=M509ST11NW7%O2=M509ST11N
OS:W7%O3=M509NNT11NW7%O4=M509ST11NW7%O5=M509ST11NW7%O6=M509ST11)WIN(W1=68DF
OS:%W2=68DF%W3=68DF%W4=68DF%W5=68DF%W6=68DF)ECN(R=Y%DF=Y%T=40%W=6903%O=M509
OS:NNSNW7%CC=Y%Q=)T1(R=Y%DF=Y%T=40%S=O%A=S+%F=AS%RD=0%Q=)T2(R=N)T3(R=N)T4(R
OS:=Y%DF=Y%T=40%W=0%S=A%A=Z%F=R%O=%RD=0%Q=)T5(R=Y%DF=Y%T=40%W=0%S=Z%A=S+%F=
OS:AR%O=%RD=0%Q=)T6(R=Y%DF=Y%T=40%W=0%S=A%A=Z%F=R%O=%RD=0%Q=)T7(R=Y%DF=Y%T=
OS:40%W=0%S=Z%A=S+%F=AR%O=%RD=0%Q=)U1(R=Y%DF=N%T=40%IPL=164%UN=0%RIPL=G%RID
OS:=G%RIPCK=G%RUCK=G%RUD=G)IE(R=Y%DFI=N%T=40%CD=S)

Uptime guess: 0.003 days (since Sun Oct 27 13:44:31 2024)
Network Distance: 2 hops
TCP Sequence Prediction: Difficulty=258 (Good luck!)
IP ID Sequence Generation: All zeros
Service Info: OS: Linux; CPE: cpe:/o:linux:linux_kernel

TRACEROUTE (using port 80/tcp)
HOP RTT       ADDRESS
1   162.14 ms 10.23.0.1
2   162.25 ms 10.10.44.1

Read data files from: /usr/share/nmap
OS and Service detection performed. Please report any incorrect results at https://nmap.org/submit/ .
# Nmap done at Sun Oct 27 13:48:58 2024 -- 1 IP address (1 host up) scanned in 46.09 seconds
