# Nmap 7.94SVN scan initiated Tue Oct 29 06:55:30 2024 as: /usr/lib/nmap/nmap --privileged -v -oN nmap.log -A 10.10.166.28
Increasing send delay for 10.10.166.28 from 0 to 5 due to 39 out of 129 dropped probes since last increase.
Increasing send delay for 10.10.166.28 from 5 to 10 due to 11 out of 11 dropped probes since last increase.
Increasing send delay for 10.10.166.28 from 10 to 20 due to 11 out of 30 dropped probes since last increase.
Nmap scan report for 10.10.166.28
Host is up (0.15s latency).
Not shown: 998 closed tcp ports (reset)
PORT     STATE SERVICE  VERSION
22/tcp   open  ssh      OpenSSH 8.2p1 Ubuntu 4ubuntu0.7 (Ubuntu Linux; protocol 2.0)
| ssh-hostkey: 
|   3072 44:5f:26:67:4b:4a:91:9b:59:7a:95:59:c8:4c:2e:04 (RSA)
|   256 0a:4b:b9:b1:77:d2:48:79:fc:2f:8a:3d:64:3a:ad:94 (ECDSA)
|_  256 d3:3b:97:ea:54:bc:41:4d:03:39:f6:8f:ad:b6:a0:fb (ED25519)
8000/tcp open  http-alt SimpleHTTP/0.6 Python/3.11.2
|_http-server-header: SimpleHTTP/0.6 Python/3.11.2
|_http-favicon: Unknown favicon MD5: FBD3DB4BEF1D598ED90E26610F23A63F
|_http-open-proxy: Proxy might be redirecting requests
|_http-title: Site doesn't have a title (text/html; charset=utf-8).
| fingerprint-strings: 
|   DNSStatusRequestTCP, DNSVersionBindReqTCP, JavaRMI, LANDesk-RC, NotesRPC, Socks4, X11Probe, afp, giop: 
|     source code string cannot contain null bytes
|   FourOhFourRequest, LPDString, SIPOptions: 
|     invalid syntax (<string>, line 1)
|   GetRequest: 
|     name 'GET' is not defined
|   HTTPOptions, RTSPRequest: 
|     name 'OPTIONS' is not defined
|   Help: 
|_    name 'HELP' is not defined
| http-methods: 
|_  Supported Methods: GET HEAD POST OPTIONS
1 service unrecognized despite returning data. If you know the service/version, please submit the following fingerprint at https://nmap.org/cgi-bin/submit.cgi?new-service :
SF-Port8000-TCP:V=7.94SVN%I=7%D=10/29%Time=67206AE4%P=x86_64-pc-linux-gnu%
SF:r(GenericLines,1,"\n")%r(GetRequest,1A,"name\x20'GET'\x20is\x20not\x20d
SF:efined\n")%r(X11Probe,2D,"source\x20code\x20string\x20cannot\x20contain
SF:\x20null\x20bytes\n")%r(FourOhFourRequest,22,"invalid\x20syntax\x20\(<s
SF:tring>,\x20line\x201\)\n")%r(Socks4,2D,"source\x20code\x20string\x20can
SF:not\x20contain\x20null\x20bytes\n")%r(HTTPOptions,1E,"name\x20'OPTIONS'
SF:\x20is\x20not\x20defined\n")%r(RTSPRequest,1E,"name\x20'OPTIONS'\x20is\
SF:x20not\x20defined\n")%r(DNSVersionBindReqTCP,2D,"source\x20code\x20stri
SF:ng\x20cannot\x20contain\x20null\x20bytes\n")%r(DNSStatusRequestTCP,2D,"
SF:source\x20code\x20string\x20cannot\x20contain\x20null\x20bytes\n")%r(He
SF:lp,1B,"name\x20'HELP'\x20is\x20not\x20defined\n")%r(LPDString,22,"inval
SF:id\x20syntax\x20\(<string>,\x20line\x201\)\n")%r(SIPOptions,22,"invalid
SF:\x20syntax\x20\(<string>,\x20line\x201\)\n")%r(LANDesk-RC,2D,"source\x2
SF:0code\x20string\x20cannot\x20contain\x20null\x20bytes\n")%r(NotesRPC,2D
SF:,"source\x20code\x20string\x20cannot\x20contain\x20null\x20bytes\n")%r(
SF:JavaRMI,2D,"source\x20code\x20string\x20cannot\x20contain\x20null\x20by
SF:tes\n")%r(afp,2D,"source\x20code\x20string\x20cannot\x20contain\x20null
SF:\x20bytes\n")%r(giop,2D,"source\x20code\x20string\x20cannot\x20contain\
SF:x20null\x20bytes\n");
No exact OS matches for host (If you know what OS is running on it, see https://nmap.org/submit/ ).
TCP/IP fingerprint:
OS:SCAN(V=7.94SVN%E=4%D=10/29%OT=22%CT=1%CU=38015%PV=Y%DS=2%DC=T%G=Y%TM=672
OS:06B9E%P=x86_64-pc-linux-gnu)SEQ(SP=101%GCD=1%ISR=10C%TI=Z%CI=Z%II=I%TS=A
OS:)OPS(O1=M509ST11NW7%O2=M509ST11NW7%O3=M509NNT11NW7%O4=M509ST11NW7%O5=M50
OS:9ST11NW7%O6=M509ST11)WIN(W1=F4B3%W2=F4B3%W3=F4B3%W4=F4B3%W5=F4B3%W6=F4B3
OS:)ECN(R=Y%DF=Y%T=40%W=F507%O=M509NNSNW7%CC=Y%Q=)T1(R=Y%DF=Y%T=40%S=O%A=S+
OS:%F=AS%RD=0%Q=)T2(R=N)T3(R=N)T4(R=Y%DF=Y%T=40%W=0%S=A%A=Z%F=R%O=%RD=0%Q=)
OS:T5(R=Y%DF=Y%T=40%W=0%S=Z%A=S+%F=AR%O=%RD=0%Q=)T6(R=Y%DF=Y%T=40%W=0%S=A%A
OS:=Z%F=R%O=%RD=0%Q=)T7(R=Y%DF=Y%T=40%W=0%S=Z%A=S+%F=AR%O=%RD=0%Q=)U1(R=Y%D
OS:F=N%T=40%IPL=164%UN=0%RIPL=G%RID=G%RIPCK=G%RUCK=G%RUD=G)IE(R=Y%DFI=N%T=4
OS:0%CD=S)

Uptime guess: 3.595 days (since Fri Oct 25 17:42:34 2024)
Network Distance: 2 hops
TCP Sequence Prediction: Difficulty=257 (Good luck!)
IP ID Sequence Generation: All zeros
Service Info: OS: Linux; CPE: cpe:/o:linux:linux_kernel

TRACEROUTE (using port 1720/tcp)
HOP RTT       ADDRESS
1   240.41 ms 10.23.0.1
2   240.49 ms 10.10.166.28

Read data files from: /usr/share/nmap
OS and Service detection performed. Please report any incorrect results at https://nmap.org/submit/ .
# Nmap done at Tue Oct 29 06:59:10 2024 -- 1 IP address (1 host up) scanned in 220.07 seconds
