# Nmap 7.94SVN scan initiated Sun Oct 13 17:14:59 2024 as: /usr/lib/nmap/nmap --privileged -v -oN nmap.log -A 10.10.11.45
Nmap scan report for 10.10.11.45
Host is up (0.21s latency).
Not shown: 998 closed tcp ports (reset)
PORT   STATE SERVICE VERSION
22/tcp open  ssh     OpenSSH 8.2p1 Ubuntu 4ubuntu0.11 (Ubuntu Linux; protocol 2.0)
| ssh-hostkey: 
|   3072 28:8d:4f:ba:67:f0:0d:15:0e:4d:fc:f7:d8:e6:0f:6b (RSA)
|   256 4d:9f:20:4c:86:c0:93:34:5a:f6:b8:15:07:ce:41:ff (ECDSA)
|_  256 5d:74:5f:3c:b9:35:e2:fb:8a:f0:60:57:c4:1a:f5:16 (ED25519)
80/tcp open  http    Apache httpd 2.4.41 ((Ubuntu))
|_http-title: Rick is sup4r cool
| http-methods: 
|_  Supported Methods: GET POST OPTIONS HEAD
|_http-server-header: Apache/2.4.41 (Ubuntu)
No exact OS matches for host (If you know what OS is running on it, see https://nmap.org/submit/ ).
TCP/IP fingerprint:
OS:SCAN(V=7.94SVN%E=4%D=10/13%OT=22%CT=1%CU=31703%PV=Y%DS=2%DC=T%G=Y%TM=670
OS:BD614%P=x86_64-pc-linux-gnu)SEQ(SP=101%GCD=1%ISR=10D%TI=Z%CI=Z%II=I%TS=A
OS:)OPS(O1=M509ST11NW7%O2=M509ST11NW7%O3=M509NNT11NW7%O4=M509ST11NW7%O5=M50
OS:9ST11NW7%O6=M509ST11)WIN(W1=F4B3%W2=F4B3%W3=F4B3%W4=F4B3%W5=F4B3%W6=F4B3
OS:)ECN(R=Y%DF=Y%T=40%W=F507%O=M509NNSNW7%CC=Y%Q=)T1(R=Y%DF=Y%T=40%S=O%A=S+
OS:%F=AS%RD=0%Q=)T2(R=N)T3(R=N)T4(R=Y%DF=Y%T=40%W=0%S=A%A=Z%F=R%O=%RD=0%Q=)
OS:T5(R=Y%DF=Y%T=40%W=0%S=Z%A=S+%F=AR%O=%RD=0%Q=)T6(R=Y%DF=Y%T=40%W=0%S=A%A
OS:=Z%F=R%O=%RD=0%Q=)T7(R=Y%DF=Y%T=40%W=0%S=Z%A=S+%F=AR%O=%RD=0%Q=)U1(R=Y%D
OS:F=N%T=40%IPL=164%UN=0%RIPL=G%RID=G%RIPCK=G%RUCK=G%RUD=G)IE(R=Y%DFI=N%T=4
OS:0%CD=S)

Uptime guess: 30.201 days (since Fri Sep 13 12:26:42 2024)
Network Distance: 2 hops
TCP Sequence Prediction: Difficulty=257 (Good luck!)
IP ID Sequence Generation: All zeros
Service Info: OS: Linux; CPE: cpe:/o:linux:linux_kernel

TRACEROUTE (using port 110/tcp)
HOP RTT       ADDRESS
1   227.25 ms 10.23.0.1
2   227.35 ms 10.10.11.45

Read data files from: /usr/share/nmap
OS and Service detection performed. Please report any incorrect results at https://nmap.org/submit/ .
# Nmap done at Sun Oct 13 17:15:48 2024 -- 1 IP address (1 host up) scanned in 49.73 seconds
